<?xml version="1.0" encoding="UTF-8"?>
<testsuite xmlns:xsi="http://www.w3.org/2001/XMLSchema-instance" xsi:noNamespaceSchemaLocation="https://maven.apache.org/surefire/maven-surefire-plugin/xsd/surefire-test-report.xsd" name="US1000 Google search test" time="24.416" tests="4" errors="0" skipped="0" failures="4">
  <properties>
[...]
</properties>
  <testcase name="TC01 Verify iphone search" classname="US1000 Google search test" time="7.928">
    <failure type="java.lang.AssertionError">java.lang.AssertionError
</failure>
    <system-out><![CDATA[Oct 11, 2020 9:40:49 PM io.cucumber.junit.Cucumber <init>
WARNING: By default Cucumber is running in --non-strict mode.
This default will change to --strict and --non-strict will be removed.
You can use --strict or @CucumberOptions(strict = true) to suppress this warning

&amp#27;[31mFailed scenarios:&amp#27;[0m
&amp#27;[31mfile:///Users/mahmutkaya/JavaClasses/mycucumberframework3/src/test/resources/features/US1000%20Google%20search%20test.feature:5&amp#27;[0m# TC01 Verify iphone search
&amp#27;[31mfile:///Users/mahmutkaya/JavaClasses/mycucumberframework3/src/test/resources/features/US1000%20Google%20search%20test.feature:8&amp#27;[0m# TC02 Verify tea pot search
&amp#27;[31mfile:///Users/mahmutkaya/JavaClasses/mycucumberframework3/src/test/resources/features/US1000%20Google%20search%20test.feature:11&amp#27;[0m# TC03 Verify flower search
&amp#27;[31mfile:///Users/mahmutkaya/JavaClasses/mycucumberframework3/src/test/resources/features/US1000%20Google%20search%20test.feature:14&amp#27;[0m# TC04 Verify bmw search

4 Scenarios (&amp#27;[31m4 failed&amp#27;[0m)
12 Steps (&amp#27;[31m4 failed&amp#27;[0m, &amp#27;[32m8 passed&amp#27;[0m)
0m24,418s


java.lang.AssertionError
	at org.junit.Assert.fail(Assert.java:87)
	at org.junit.Assert.fail(Assert.java:96)
	at stepdefinitions.GoogleSearchStepDefinitions.verify_the_result_has(GoogleSearchStepDefinitions.java:29)
	at ✽.verify the result has "school bag"(file:///Users/mahmutkaya/JavaClasses/mycucumberframework3/src/test/resources/features/US1000%20Google%20search%20test.feature:7)

java.lang.AssertionError
	at org.junit.Assert.fail(Assert.java:87)
	at org.junit.Assert.fail(Assert.java:96)
	at stepdefinitions.GoogleSearchStepDefinitions.verify_the_result_has(GoogleSearchStepDefinitions.java:29)
	at ✽.verify the result has "tea pot"(file:///Users/mahmutkaya/JavaClasses/mycucumberframework3/src/test/resources/features/US1000%20Google%20search%20test.feature:10)

java.lang.AssertionError
	at org.junit.Assert.fail(Assert.java:87)
	at org.junit.Assert.fail(Assert.java:96)
	at stepdefinitions.GoogleSearchStepDefinitions.verify_the_result_has(GoogleSearchStepDefinitions.java:29)
	at ✽.verify the result has "flower"(file:///Users/mahmutkaya/JavaClasses/mycucumberframework3/src/test/resources/features/US1000%20Google%20search%20test.feature:13)

java.lang.AssertionError
	at org.junit.Assert.fail(Assert.java:87)
	at org.junit.Assert.fail(Assert.java:96)
	at stepdefinitions.GoogleSearchStepDefinitions.verify_the_result_has(GoogleSearchStepDefinitions.java:29)
	at ✽.verify the result has "bmw"(file:///Users/mahmutkaya/JavaClasses/mycucumberframework3/src/test/resources/features/US1000%20Google%20search%20test.feature:16)


]]></system-out>
    <system-err><![CDATA[[pool-1-thread-1] INFO io.github.bonigarcia.wdm.WebDriverManager - Using chromedriver 86.0.4240.22 (since Google Chrome 86 is installed in your machine)
[pool-1-thread-1] INFO io.github.bonigarcia.wdm.WebDriverManager - Exporting webdriver.chrome.driver as /Users/mahmutkaya/.m2/repository/webdriver/chromedriver/mac64/86.0.4240.22/chromedriver
Starting ChromeDriver 86.0.4240.22 (398b0743353ff36fb1b82468f63a3a93b4e2e89e-refs/branch-heads/4240@{#378}) on port 22236
Only local connections are allowed.
Please see https://chromedriver.chromium.org/security-considerations for suggestions on keeping ChromeDriver safe.
ChromeDriver was started successfully.
Oct 11, 2020 9:40:52 PM org.openqa.selenium.remote.ProtocolHandshake createSession
INFO: Detected dialect: W3C
]]></system-err>
  </testcase>
  <testcase name="TC02 Verify tea pot search" classname="US1000 Google search test" time="4.903">
    <failure type="java.lang.AssertionError">java.lang.AssertionError
</failure>
    <system-err><![CDATA[[pool-1-thread-1] INFO io.github.bonigarcia.wdm.WebDriverManager - Using chromedriver 86.0.4240.22 (since Google Chrome 86 is installed in your machine)
[pool-1-thread-1] INFO io.github.bonigarcia.wdm.WebDriverManager - Exporting webdriver.chrome.driver as /Users/mahmutkaya/.m2/repository/webdriver/chromedriver/mac64/86.0.4240.22/chromedriver
Starting ChromeDriver 86.0.4240.22 (398b0743353ff36fb1b82468f63a3a93b4e2e89e-refs/branch-heads/4240@{#378}) on port 21943
Only local connections are allowed.
Please see https://chromedriver.chromium.org/security-considerations for suggestions on keeping ChromeDriver safe.
ChromeDriver was started successfully.
Oct 11, 2020 9:40:58 PM org.openqa.selenium.remote.ProtocolHandshake createSession
INFO: Detected dialect: W3C
]]></system-err>
  </testcase>
  <testcase name="TC03 Verify flower search" classname="US1000 Google search test" time="6.753">
    <failure type="java.lang.AssertionError">java.lang.AssertionError
</failure>
    <system-err><![CDATA[[pool-1-thread-1] INFO io.github.bonigarcia.wdm.WebDriverManager - Using chromedriver 86.0.4240.22 (since Google Chrome 86 is installed in your machine)
[pool-1-thread-1] INFO io.github.bonigarcia.wdm.WebDriverManager - Exporting webdriver.chrome.driver as /Users/mahmutkaya/.m2/repository/webdriver/chromedriver/mac64/86.0.4240.22/chromedriver
Starting ChromeDriver 86.0.4240.22 (398b0743353ff36fb1b82468f63a3a93b4e2e89e-refs/branch-heads/4240@{#378}) on port 17135
Only local connections are allowed.
Please see https://chromedriver.chromium.org/security-considerations for suggestions on keeping ChromeDriver safe.
ChromeDriver was started successfully.
Oct 11, 2020 9:41:03 PM org.openqa.selenium.remote.ProtocolHandshake createSession
INFO: Detected dialect: W3C
]]></system-err>
  </testcase>
  <testcase name="TC04 Verify bmw search" classname="US1000 Google search test" time="4.831">
    <failure type="java.lang.AssertionError">java.lang.AssertionError
</failure>
    <system-err><![CDATA[[pool-1-thread-1] INFO io.github.bonigarcia.wdm.WebDriverManager - Using chromedriver 86.0.4240.22 (since Google Chrome 86 is installed in your machine)
[pool-1-thread-1] INFO io.github.bonigarcia.wdm.WebDriverManager - Exporting webdriver.chrome.driver as /Users/mahmutkaya/.m2/repository/webdriver/chromedriver/mac64/86.0.4240.22/chromedriver
Starting ChromeDriver 86.0.4240.22 (398b0743353ff36fb1b82468f63a3a93b4e2e89e-refs/branch-heads/4240@{#378}) on port 15925
Only local connections are allowed.
Please see https://chromedriver.chromium.org/security-considerations for suggestions on keeping ChromeDriver safe.
ChromeDriver was started successfully.
Oct 11, 2020 9:41:10 PM org.openqa.selenium.remote.ProtocolHandshake createSession
INFO: Detected dialect: W3C
]]></system-err>
  </testcase>
</testsuite>